c:\users\alexis chen\documents\chen_ming_invader\chen_ming_invader\debug\vc141.pdb
c:\users\alexis chen\documents\chen_ming_invader\chen_ming_invader\debug\vc141.idb
c:\users\alexis chen\documents\chen_ming_invader\chen_ming_invader\debug\actor.obj
c:\users\alexis chen\documents\chen_ming_invader\chen_ming_invader\debug\bomb.obj
c:\users\alexis chen\documents\chen_ming_invader\chen_ming_invader\debug\chen_ming_invader.obj
c:\users\alexis chen\documents\chen_ming_invader\chen_ming_invader\debug\collisioncomponent.obj
c:\users\alexis chen\documents\chen_ming_invader\chen_ming_invader\debug\component.obj
c:\users\alexis chen\documents\chen_ming_invader\chen_ming_invader\debug\game.obj
c:\users\alexis chen\documents\chen_ming_invader\chen_ming_invader\debug\invaderframe.obj
c:\users\alexis chen\documents\chen_ming_invader\chen_ming_invader\debug\math.obj
c:\users\alexis chen\documents\chen_ming_invader\chen_ming_invader\debug\player.obj
c:\users\alexis chen\documents\chen_ming_invader\chen_ming_invader\debug\rocket.obj
c:\users\alexis chen\documents\chen_ming_invader\debug\chen_ming_invader.exe
c:\users\alexis chen\documents\chen_ming_invader\debug\chen_ming_invader.ilk
c:\users\alexis chen\documents\chen_ming_invader\debug\chen_ming_invader.pdb
c:\users\alexis chen\documents\chen_ming_invader\chen_ming_invader\debug\chen_min.2e54f78b.tlog\cl.command.1.tlog
c:\users\alexis chen\documents\chen_ming_invader\chen_ming_invader\debug\chen_min.2e54f78b.tlog\cl.read.1.tlog
c:\users\alexis chen\documents\chen_ming_invader\chen_ming_invader\debug\chen_min.2e54f78b.tlog\cl.write.1.tlog
c:\users\alexis chen\documents\chen_ming_invader\chen_ming_invader\debug\chen_min.2e54f78b.tlog\link.command.1.tlog
c:\users\alexis chen\documents\chen_ming_invader\chen_ming_invader\debug\chen_min.2e54f78b.tlog\link.read.1.tlog
c:\users\alexis chen\documents\chen_ming_invader\chen_ming_invader\debug\chen_min.2e54f78b.tlog\link.write.1.tlog
