c:\users\alexis chen\documents\chen_ming_invader\release\chen_ming_invader.ipdb
c:\users\alexis chen\documents\chen_ming_invader\release\chen_ming_invader.iobj
c:\users\alexis chen\documents\chen_ming_invader\chen_ming_invader\release\vc141.pdb
c:\users\alexis chen\documents\chen_ming_invader\chen_ming_invader\release\spritecomponent.obj
c:\users\alexis chen\documents\chen_ming_invader\chen_ming_invader\release\rocket.obj
c:\users\alexis chen\documents\chen_ming_invader\chen_ming_invader\release\player.obj
c:\users\alexis chen\documents\chen_ming_invader\chen_ming_invader\release\math.obj
c:\users\alexis chen\documents\chen_ming_invader\chen_ming_invader\release\game.obj
c:\users\alexis chen\documents\chen_ming_invader\chen_ming_invader\release\enemy.obj
c:\users\alexis chen\documents\chen_ming_invader\chen_ming_invader\release\component.obj
c:\users\alexis chen\documents\chen_ming_invader\chen_ming_invader\release\collisioncomponent.obj
c:\users\alexis chen\documents\chen_ming_invader\chen_ming_invader\release\chen_ming_invader.obj
c:\users\alexis chen\documents\chen_ming_invader\chen_ming_invader\release\bomb.obj
c:\users\alexis chen\documents\chen_ming_invader\chen_ming_invader\release\actor.obj
c:\users\alexis chen\documents\chen_ming_invader\release\chen_ming_invader.exe
c:\users\alexis chen\documents\chen_ming_invader\release\chen_ming_invader.pdb
c:\users\alexis chen\documents\chen_ming_invader\chen_ming_invader\release\chen_min.2e54f78b.tlog\chen_ming_invader.write.1u.tlog
c:\users\alexis chen\documents\chen_ming_invader\chen_ming_invader\release\chen_min.2e54f78b.tlog\cl.command.1.tlog
c:\users\alexis chen\documents\chen_ming_invader\chen_ming_invader\release\chen_min.2e54f78b.tlog\cl.read.1.tlog
c:\users\alexis chen\documents\chen_ming_invader\chen_ming_invader\release\chen_min.2e54f78b.tlog\cl.write.1.tlog
c:\users\alexis chen\documents\chen_ming_invader\chen_ming_invader\release\chen_min.2e54f78b.tlog\link.command.1.tlog
c:\users\alexis chen\documents\chen_ming_invader\chen_ming_invader\release\chen_min.2e54f78b.tlog\link.read.1.tlog
c:\users\alexis chen\documents\chen_ming_invader\chen_ming_invader\release\chen_min.2e54f78b.tlog\link.write.1.tlog
